Generated Block Diagram.
Rasterizing proc_sys_reset_0.jpg.....
Rasterizing microblaze_0_intc.jpg.....
Rasterizing microblaze_0_ilmb.jpg.....
Rasterizing microblaze_0_i_bram_ctrl.jpg.....
Rasterizing microblaze_0_dlmb.jpg.....
Rasterizing microblaze_0_d_bram_ctrl.jpg.....
Rasterizing microblaze_0_bram_block.jpg.....
Rasterizing microblaze_0.jpg.....
Rasterizing debug_module.jpg.....
Rasterizing clock_generator_0.jpg.....
Rasterizing axi_timer_0.jpg.....
Rasterizing axi4lite_0.jpg.....
Rasterizing axi4_0.jpg.....
Rasterizing RS232_USB.jpg.....
Rasterizing RS232.jpg.....
Rasterizing Push_Buttons_3Bits.jpg.....
Rasterizing MCB_DDR3.jpg.....
Rasterizing Linear_Flash.jpg.....
Rasterizing LEDs_8Bits.jpg.....
Rasterizing Ethernet_Lite.jpg.....
Rasterizing DIP_Switches_8Bits.jpg.....
Rasterizing axi_bram_ctrl_0.jpg.....
Rasterizing mb_system_blkd.jpg.....
Report generated.
Report generation completed.
